<?xml version="1.0" encoding="utf-8"?><testsuites><testsuite errors="0" failures="0" hostname="mickael" name="pytest" skipped="0" tests="0" time="0.044" timestamp="2021-02-20T15:11:09.391006"></testsuite></testsuites>